0 info it worked if it ends with ok
1 verbose cli [ '/usr/local/bin/node',
1 verbose cli   '/usr/local/bin/npm',
1 verbose cli   'run',
1 verbose cli   'styleguide' ]
2 info using npm@3.10.10
3 info using node@v6.11.0
4 verbose run-script [ 'prestyleguide', 'styleguide', 'poststyleguide' ]
5 info lifecycle culterage-frontend@1.0.0~prestyleguide: culterage-frontend@1.0.0
6 silly lifecycle culterage-frontend@1.0.0~prestyleguide: no script for prestyleguide, continuing
7 info lifecycle culterage-frontend@1.0.0~styleguide: culterage-frontend@1.0.0
8 verbose lifecycle culterage-frontend@1.0.0~styleguide: unsafe-perm in lifecycle true
9 verbose lifecycle culterage-frontend@1.0.0~styleguide: PATH: /usr/local/lib/node_modules/npm/bin/node-gyp-bin:/home/kuzdogan/Desktop/cmpe451/bounswe2017group11/frontend/node_modules/.bin:/usr/local/spark/bin:/home/kuzdogan/.cargo/bin:/home/kuzdogan/.local/bin:/usr/local/sbin:/usr/local/bin:/usr/sbin:/usr/bin:/sbin:/bin:/usr/games:/usr/local/games:/snap/bin:/usr/lib/jvm/java-8-oracle/bin:/usr/lib/jvm/java-8-oracle/db/bin:/usr/lib/jvm/java-8-oracle/jre/bin:/usr/lib/go-1.9/bin:/usr/lib/go-1.9/bin.:/home/kuzdogan/Desktop/ford-hackaton/android-studio/bin
10 verbose lifecycle culterage-frontend@1.0.0~styleguide: CWD: /home/kuzdogan/Desktop/cmpe451/bounswe2017group11/frontend
11 silly lifecycle culterage-frontend@1.0.0~styleguide: Args: [ '-c', 'styleguidist server' ]
12 silly lifecycle culterage-frontend@1.0.0~styleguide: Returned: code: 1  signal: null
13 info lifecycle culterage-frontend@1.0.0~styleguide: Failed to exec styleguide script
14 verbose stack Error: culterage-frontend@1.0.0 styleguide: `styleguidist server`
14 verbose stack Exit status 1
14 verbose stack     at EventEmitter.<anonymous> (/usr/local/lib/node_modules/npm/lib/utils/lifecycle.js:255:16)
14 verbose stack     at emitTwo (events.js:106:13)
14 verbose stack     at EventEmitter.emit (events.js:191:7)
14 verbose stack     at ChildProcess.<anonymous> (/usr/local/lib/node_modules/npm/lib/utils/spawn.js:40:14)
14 verbose stack     at emitTwo (events.js:106:13)
14 verbose stack     at ChildProcess.emit (events.js:191:7)
14 verbose stack     at maybeClose (internal/child_process.js:891:16)
14 verbose stack     at Process.ChildProcess._handle.onexit (internal/child_process.js:226:5)
15 verbose pkgid culterage-frontend@1.0.0
16 verbose cwd /home/kuzdogan/Desktop/cmpe451/bounswe2017group11/frontend
17 error Linux 4.4.0-104-generic
18 error argv "/usr/local/bin/node" "/usr/local/bin/npm" "run" "styleguide"
19 error node v6.11.0
20 error npm  v3.10.10
21 error code ELIFECYCLE
22 error culterage-frontend@1.0.0 styleguide: `styleguidist server`
22 error Exit status 1
23 error Failed at the culterage-frontend@1.0.0 styleguide script 'styleguidist server'.
23 error Make sure you have the latest version of node.js and npm installed.
23 error If you do, this is most likely a problem with the culterage-frontend package,
23 error not with npm itself.
23 error Tell the author that this fails on your system:
23 error     styleguidist server
23 error You can get information on how to open an issue for this project with:
23 error     npm bugs culterage-frontend
23 error Or if that isn't available, you can get their info via:
23 error     npm owner ls culterage-frontend
23 error There is likely additional logging output above.
24 verbose exit [ 1, true ]
